kd-Ab-ky AH:MM:S - s(message)s
kd-Ab-ky AH:MM:S - s(message)s
kd-Ab-ky AH:MM:S - s(message)s
kd-Ab-ky AH:MM:S - s(message)s
kd-Ab-ky AH:MM:S - s(message)s
kd-Ab-ky AH:MM:S - s(message)s
kd-Ab-ky AH:MM:S - s(message)s
kd-Ab-ky AH:MM:S - s(message)s
kd-Ab-ky AH:MM:S - s(message)s
kd-Ab-ky AH:MM:S - s(message)s
kd-Ab-ky AH:MM:S - s(message)s
kd-Ab-ky AH:MM:S - s(message)s
kd-Ab-ky AH:MM:S - s(message)s
kd-Ab-ky AH:MM:S - s(message)s
kd-Ab-ky AH:MM:S - s(message)s
kd-Ab-ky AH:MM:S - s(message)s
kd-Ab-ky AH:MM:S - s(message)s
kd-Ab-ky AH:MM:S - s(message)s
kd-Ab-ky AH:MM:S - s(message)s
kd-Ab-ky AH:MM:S - s(message)s
kd-Ab-ky AH:MM:S - s(message)s
kd-Ab-ky AH:MM:S - s(message)s
kd-Ab-ky AH:MM:S - s(message)s
kd-Ab-ky AH:MM:S - s(message)s
kd-Ab-ky AH:MM:S - s(message)s
.0.4896
Current google-chrome version is 100.0.4896
Get LATEST chromedriver version for 100.0.4896 google-chrome
Get LATEST chromedriver version for 100.0.4896 google-chrome
Driver [C:\Users\Lenovo\.wdm\drivers\chromedriver\win32\100.0.4896.60\chromedriver.exe] found in cache
Driver [C:\Users\Lenovo\.wdm\drivers\chromedriver\win32\100.0.4896.60\chromedriver.exe] found in cache




====== WebDriver manager ======
====== WebDriver manager ======
Current google-chrome version is 100.0.4896
Current google-chrome version is 100.0.4896
Get LATEST chromedriver version for 100.0.4896 google-chrome
Get LATEST chromedriver version for 100.0.4896 google-chrome
Driver [C:\Users\Lenovo\.wdm\drivers\chromedriver\win32\100.0.4896.60\chromedriver.exe] found in cache
Driver [C:\Users\Lenovo\.wdm\drivers\chromedriver\win32\100.0.4896.60\chromedriver.exe] found in cache
****Driver Initilized ****
****Driver Initilized ****
****Broser ****
****Broser ****
****Passing Credentsials ****
****Passing Credentsials ****
****Passing Credentsials ****
****Passing Credentsials ****
****Click Login Button ****
****Click Login Button ****
****Title matched****
****Title matched****
****Brs CLose >behave -f allure_behave. formatter:Allure Formatter -o Reports ****
****Brs CLose >behave -f allure_behave. formatter:Allure Formatter -o Reports ****
