18-May-22 16:18:43 - 

18-May-22 16:18:43 - ====== WebDriver manager ======
18-May-22 16:18:44 - Current google-chrome version is 101.0.4951
18-May-22 16:18:44 - Get LATEST chromedriver version for 101.0.4951 google-chrome
18-May-22 16:18:44 - Driver [C:\Users\Lenovo\.wdm\drivers\chromedriver\win32\101.0.4951.41\chromedriver.exe] found in cache
18-May-22 16:18:46 - ****Driver Initilized ****
18-May-22 16:18:53 - ****Broser ****
18-May-22 16:18:53 - ****Title not matched ****
18-May-22 16:18:55 - 

18-May-22 16:18:55 - ====== WebDriver manager ======
18-May-22 16:18:56 - Current google-chrome version is 101.0.4951
18-May-22 16:18:56 - Get LATEST chromedriver version for 101.0.4951 google-chrome
18-May-22 16:18:56 - Driver [C:\Users\Lenovo\.wdm\drivers\chromedriver\win32\101.0.4951.41\chromedriver.exe] found in cache
18-May-22 16:18:58 - ****Driver Initilized ****
18-May-22 16:19:05 - ****Broser ****
18-May-22 16:19:05 - ****Passing Credentsials ****
18-May-22 16:19:09 - ****Entered Credentials 15 failed *****
18-May-22 16:19:16 - ****Entered Credentials 16 failed *****
18-May-22 16:19:23 - ****Entered Credentials 17 failed *****
18-May-22 16:19:29 - ****Entered Credentials 18 failed *****
18-May-22 16:19:36 - ****Entered Credentials 19 passed *****
r ****
****Passing Credentsials ****
****Passing Credentsials ****
****Entered Credentials 15 failed *****
****Entered Credentials 15 failed *****
****Entered Credentials 16 failed *****
****Entered Credentials 16 failed *****
****Entered Credentials 17 failed *****
****Entered Credentials 17 failed *****
****Entered Credentials 18 failed *****
****Entered Credentials 18 failed *****
****Entered Credentials 19 passed *****
****Entered Credentials 19 passed *****
